<?xml version="1.0" encoding="UTF-8"?>
<coverage generated="1773972179888" clover="3.2.0">
  <project timestamp="1773972179888" name="All files">
    <metrics statements="5" coveredstatements="5" conditionals="0" coveredconditionals="0" methods="2" coveredmethods="2" elements="7" coveredelements="7" complexity="0" loc="5" ncloc="5" packages="2" files="3" classes="3"/>
    <package name="components.ui.button">
      <metrics statements="4" coveredstatements="4" conditionals="0" coveredconditionals="0" methods="1" coveredmethods="1"/>
      <file name="Button.vue" path="/Users/daveberning/Documents/GitHub/daveberning.io/app/components/ui/button/Button.vue">
        <metrics statements="3" coveredstatements="3" conditionals="0" coveredconditionals="0" methods="1" coveredmethods="1"/>
        <line num="5" count="15" type="stmt"/>
        <line num="11" count="15" type="stmt"/>
        <line num="12" count="15" type="stmt"/>
      </file>
      <file name="index.ts" path="/Users/daveberning/Documents/GitHub/daveberning.io/app/components/ui/button/index.ts">
        <metrics statements="1" coveredstatements="1" conditionals="0" coveredconditionals="0" methods="0" coveredmethods="0"/>
        <line num="6" count="1" type="stmt"/>
      </file>
    </package>
    <package name="lib">
      <metrics statements="1" coveredstatements="1" conditionals="0" coveredconditionals="0" methods="1" coveredmethods="1"/>
      <file name="utils.ts" path="/Users/daveberning/Documents/GitHub/daveberning.io/app/lib/utils.ts">
        <metrics statements="1" coveredstatements="1" conditionals="0" coveredconditionals="0" methods="1" coveredmethods="1"/>
        <line num="9" count="24" type="stmt"/>
      </file>
    </package>
  </project>
</coverage>
