{"/Users/daveberning/Documents/GitHub/daveberning.io/app/components/ui/button/Button.vue": {"path":"/Users/daveberning/Documents/GitHub/daveberning.io/app/components/ui/button/Button.vue","statementMap":{"0":{"start":{"line":5,"column":14},"end":{"line":5,"column":null}},"1":{"start":{"line":11,"column":2},"end":{"line":12,"column":null}},"2":{"start":{"line":12,"column":12},"end":{"line":12,"column":null}}},"fnMap":{"0":{"name":"(anonymous_0)","decl":{"start":{"line":12,"column":4},"end":{"line":12,"column":12}},"loc":{"start":{"line":12,"column":12},"end":{"line":12,"column":null}},"line":12}},"branchMap":{},"s":{"0":15,"1":15,"2":15},"f":{"0":15},"b":{},"meta":{"lastBranch":0,"lastFunction":1,"lastStatement":3,"seen":{"s:5:14:5:Infinity":0,"s:11:2:12:Infinity":1,"f:12:4:12:12":0,"s:12:12:12:Infinity":2}}}
,"/Users/daveberning/Documents/GitHub/daveberning.io/app/components/ui/button/index.ts": {"path":"/Users/daveberning/Documents/GitHub/daveberning.io/app/components/ui/button/index.ts","statementMap":{"0":{"start":{"line":6,"column":13},"end":{"line":30,"column":null}}},"fnMap":{},"branchMap":{},"s":{"0":1},"f":{},"b":{},"meta":{"lastBranch":0,"lastFunction":0,"lastStatement":1,"seen":{"s:6:13:30:Infinity":0}}}
,"/Users/daveberning/Documents/GitHub/daveberning.io/app/lib/utils.ts": {"path":"/Users/daveberning/Documents/GitHub/daveberning.io/app/lib/utils.ts","statementMap":{"0":{"start":{"line":9,"column":2},"end":{"line":9,"column":null}}},"fnMap":{"0":{"name":"cn","decl":{"start":{"line":8,"column":16},"end":{"line":8,"column":22}},"loc":{"start":{"line":8,"column":52},"end":{"line":10,"column":null}},"line":8}},"branchMap":{},"s":{"0":24},"f":{"0":24},"b":{},"meta":{"lastBranch":0,"lastFunction":1,"lastStatement":1,"seen":{"f:8:16:8:22":0,"s:9:2:9:Infinity":0}}}
}
